<?xml version="1.0" encoding="UTF-8"?>
<!-- Generated by org.testng.reporters.JUnitReportReporter -->
<testsuite hostname="Muhirwa" failures="0" tests="1" name="util.BrowserFactory" time="4.674" errors="0" timestamp="2024-05-30T09:26:08 CDT" skipped="0">
  <testcase classname="util.BrowserFactory" name="init" time="4.674"/>
</testsuite> <!-- util.BrowserFactory -->
