<?xml version="1.0" encoding="UTF-8"?>
<!-- Generated by org.testng.reporters.JUnitReportReporter -->
<testsuite hostname="Muhirwa" failures="0" tests="2" name="test.LoginTest" time="17.127" errors="0" timestamp="2024-05-30T17:13:33 CDT" skipped="0">
  <testcase classname="test.LoginTest" name="ValidUserShouldBeAbleToLogin" time="14.098"/>
  <testcase classname="test.LoginTest" name="validateAlertPopUpMsgs" time="3.029"/>
</testsuite> <!-- test.LoginTest -->
