<?xml version="1.0" encoding="UTF-8"?>
<!-- Generated by org.testng.reporters.JUnitReportReporter -->
<testsuite hostname="Muhirwa" failures="0" tests="1" name="test.AddCustomerTest" time="14.901" errors="0" timestamp="2024-05-30T14:55:13 CDT" skipped="0">
  <testcase classname="test.AddCustomerTest" name="addNewCustomer" time="14.901"/>
</testsuite> <!-- test.AddCustomerTest -->
